[31Dec2024 08:58:23.406] [IO-Worker-8/INFO] [net.minecraft.client.sounds.SoundEngine/]: System default audio device has changed!
[31Dec2024 08:58:23.586] [Render thread/WARN] [net.minecraft.client.sounds.SoundEngine/]: Missing sound for event: minecraft:item.brush.brushing
[31Dec2024 08:58:23.587] [Render thread/WARN] [net.minecraft.client.sounds.SoundEngine/]: Missing sound for event: minecraft:item.brush.brush_sand_completed
[31Dec2024 08:58:23.588] [Render thread/WARN] [net.minecraft.client.sounds.SoundEngine/]: Missing sound for event: minecraft:item.goat_horn.play
[31Dec2024 08:58:23.639] [Render thread/WARN] [net.minecraft.client.sounds.SoundEngine/]: Missing sound for event: minecraft:entity.goat.screaming.horn_break
[31Dec2024 08:58:23.640] [Render thread/WARN] [net.minecraft.client.sounds.SoundEngine/]: Missing sound for event: minecraft:music.overworld.cherry_grove
[31Dec2024 08:58:25.093] [Render thread/INFO] [com.mojang.blaze3d.audio.Library/]: OpenAL initialized on device OpenAL Soft on Headphones (2- MC220408016)
[31Dec2024 08:58:25.094] [Render thread/INFO] [net.minecraft.client.sounds.SoundEngine/SOUNDS]: Sound engine started
[31Dec2024 09:03:45.239] [Render thread/INFO] [net.minecraft.world.item.crafting.RecipeManager/]: Loaded 7 recipes
[31Dec2024 09:03:45.493] [Render thread/INFO] [net.minecraft.advancements.AdvancementList/]: Loaded 1179 advancements
[31Dec2024 09:03:46.087] [Server thread/INFO] [net.minecraft.client.server.IntegratedServer/]: Starting integrated minecraft server version 1.19.4
[31Dec2024 09:03:46.088] [Server thread/INFO] [net.minecraft.server.MinecraftServer/]: Generating keypair
[31Dec2024 09:03:49.739] [Server thread/INFO] [net.minecraft.server.MinecraftServer/]: Preparing start region for dimension minecraft:overworld
[31Dec2024 09:03:52.812] [Render thread/INFO] [net.minecraft.server.level.progress.LoggerChunkProgressListener/]: Preparing spawn area: 0%
[31Dec2024 09:03:52.812] [Render thread/INFO] [net.minecraft.server.level.progress.LoggerChunkProgressListener/]: Preparing spawn area: 0%
[31Dec2024 09:03:52.812] [Render thread/INFO] [net.minecraft.server.level.progress.LoggerChunkProgressListener/]: Preparing spawn area: 0%
[31Dec2024 09:03:52.812] [Render thread/INFO] [net.minecraft.server.level.progress.LoggerChunkProgressListener/]: Preparing spawn area: 0%
[31Dec2024 09:03:52.812] [Render thread/INFO] [net.minecraft.server.level.progress.LoggerChunkProgressListener/]: Preparing spawn area: 0%
[31Dec2024 09:03:52.812] [Render thread/INFO] [net.minecraft.server.level.progress.LoggerChunkProgressListener/]: Preparing spawn area: 0%
[31Dec2024 09:03:52.885] [Render thread/INFO] [net.minecraft.server.level.progress.LoggerChunkProgressListener/]: Preparing spawn area: 0%
[31Dec2024 09:03:53.345] [Render thread/INFO] [net.minecraft.server.level.progress.LoggerChunkProgressListener/]: Preparing spawn area: 0%
[31Dec2024 09:03:53.828] [Render thread/INFO] [net.minecraft.server.level.progress.LoggerChunkProgressListener/]: Preparing spawn area: 0%
[31Dec2024 09:03:54.326] [Render thread/INFO] [net.minecraft.server.level.progress.LoggerChunkProgressListener/]: Preparing spawn area: 0%
[31Dec2024 09:03:54.837] [Render thread/INFO] [net.minecraft.server.level.progress.LoggerChunkProgressListener/]: Preparing spawn area: 0%
[31Dec2024 09:03:55.285] [Render thread/INFO] [net.minecraft.server.level.progress.LoggerChunkProgressListener/]: Preparing spawn area: 0%
[31Dec2024 09:03:55.889] [Render thread/INFO] [net.minecraft.server.level.progress.LoggerChunkProgressListener/]: Preparing spawn area: 0%
[31Dec2024 09:03:56.319] [Render thread/INFO] [net.minecraft.server.level.progress.LoggerChunkProgressListener/]: Preparing spawn area: 1%
[31Dec2024 09:03:56.816] [Render thread/INFO] [net.minecraft.server.level.progress.LoggerChunkProgressListener/]: Preparing spawn area: 10%
[31Dec2024 09:03:57.316] [Render thread/INFO] [net.minecraft.server.level.progress.LoggerChunkProgressListener/]: Preparing spawn area: 24%
[31Dec2024 09:03:57.882] [Render thread/INFO] [net.minecraft.server.level.progress.LoggerChunkProgressListener/]: Preparing spawn area: 55%
[31Dec2024 09:03:58.439] [Server thread/INFO] [net.minecraftforge.server.permission.PermissionAPI/]: Successfully initialized permission handler forge:default_handler
[31Dec2024 09:03:58.472] [Server thread/INFO] [net.minecraft.client.server.IntegratedServer/]: Changing view distance to 12, from 10
[31Dec2024 09:03:58.476] [Server thread/INFO] [net.minecraft.client.server.IntegratedServer/]: Changing simulation distance to 12, from 0
[31Dec2024 09:03:58.481] [Render thread/INFO] [net.minecraft.server.level.progress.LoggerChunkProgressListener/]: Time elapsed: 8703 ms
[31Dec2024 09:03:59.121] [Netty Local Client IO #1/INFO] [net.minecraftforge.network.NetworkHooks/]: Connected to a modded server.
[31Dec2024 09:03:59.151] [Server thread/INFO] [net.minecraft.server.players.PlayerList/]: Dev[local:E:973802c6] logged in with entity id 829 at (-35.06361501685776, 80.0, -39.93434031820759)
[31Dec2024 09:03:59.189] [Server thread/INFO] [net.minecraft.server.MinecraftServer/]: Dev joined the game
[31Dec2024 09:03:59.748] [Render thread/INFO] [net.minecraft.advancements.AdvancementList/]: Loaded 2 advancements
[31Dec2024 09:04:09.719] [Server thread/INFO] [net.minecraft.client.server.IntegratedServer/]: Saving and pausing game...
[31Dec2024 09:04:09.769] [Server thread/INFO] [net.minecraft.server.MinecraftServer/]: Saving chunks for level 'ServerLevel[New World]'/minecraft:overworld
[31Dec2024 09:04:09.816] [Server thread/INFO] [net.minecraft.server.MinecraftServer/]: Saving chunks for level 'ServerLevel[New World]'/minecraft:the_end
[31Dec2024 09:04:09.818] [Server thread/INFO] [net.minecraft.server.MinecraftServer/]: Saving chunks for level 'ServerLevel[New World]'/minecraft:the_nether
[31Dec2024 09:04:12.295] [Server thread/INFO] [net.minecraft.server.network.ServerGamePacketListenerImpl/]: Dev lost connection: Disconnected
[31Dec2024 09:04:12.296] [Server thread/INFO] [net.minecraft.server.MinecraftServer/]: Dev left the game
[31Dec2024 09:04:12.348] [Server thread/INFO] [net.minecraft.server.network.ServerGamePacketListenerImpl/]: Stopping singleplayer server as player logged out
[31Dec2024 09:04:12.399] [Server thread/INFO] [net.minecraft.server.MinecraftServer/]: Stopping server
[31Dec2024 09:04:12.401] [Server thread/INFO] [net.minecraft.server.MinecraftServer/]: Saving players
[31Dec2024 09:04:12.402] [Server thread/INFO] [net.minecraft.server.MinecraftServer/]: Saving worlds
[31Dec2024 09:04:14.118] [Server thread/INFO] [net.minecraft.server.MinecraftServer/]: Saving chunks for level 'ServerLevel[New World]'/minecraft:overworld
[31Dec2024 09:04:16.128] [Server thread/INFO] [net.minecraft.server.MinecraftServer/]: Saving chunks for level 'ServerLevel[New World]'/minecraft:the_end
[31Dec2024 09:04:16.133] [Server thread/INFO] [net.minecraft.server.MinecraftServer/]: Saving chunks for level 'ServerLevel[New World]'/minecraft:the_nether
[31Dec2024 09:04:16.193] [Server thread/INFO] [net.minecraft.server.MinecraftServer/]: ThreadedAnvilChunkStorage (New World): All chunks are saved
[31Dec2024 09:04:16.193] [Server thread/INFO] [net.minecraft.server.MinecraftServer/]: ThreadedAnvilChunkStorage (DIM1): All chunks are saved
[31Dec2024 09:04:16.193] [Server thread/INFO] [net.minecraft.server.MinecraftServer/]: ThreadedAnvilChunkStorage (DIM-1): All chunks are saved
[31Dec2024 09:04:16.193] [Server thread/INFO] [net.minecraft.server.MinecraftServer/]: ThreadedAnvilChunkStorage: All dimensions are saved
[31Dec2024 09:04:18.784] [Worker-Main-11/WARN] [com.mojang.authlib.yggdrasil.YggdrasilMinecraftSessionService/]: Couldn't look up profile properties for com.mojang.authlib.GameProfile@4e43e42d[id=380df991-f603-344c-a090-369bad2a924a,name=Dev,properties={},legacy=false]
com.mojang.authlib.exceptions.AuthenticationUnavailableException: Cannot contact authentication server
	at com.mojang.authlib.yggdrasil.YggdrasilAuthenticationService.makeRequest(YggdrasilAuthenticationService.java:134) ~[authlib-3.18.38.jar%23131!/:?]
	at com.mojang.authlib.yggdrasil.YggdrasilAuthenticationService.makeRequest(YggdrasilAuthenticationService.java:106) ~[authlib-3.18.38.jar%23131!/:?]
	at com.mojang.authlib.yggdrasil.YggdrasilMinecraftSessionService.fillGameProfile(YggdrasilMinecraftSessionService.java:185) ~[authlib-3.18.38.jar%23131!/:?]
	at com.mojang.authlib.yggdrasil.YggdrasilMinecraftSessionService$1.load(YggdrasilMinecraftSessionService.java:52) ~[authlib-3.18.38.jar%23131!/:?]
	at com.mojang.authlib.yggdrasil.YggdrasilMinecraftSessionService$1.load(YggdrasilMinecraftSessionService.java:49) ~[authlib-3.18.38.jar%23131!/:?]
	at com.google.common.cache.LocalCache$LoadingValueReference.loadFuture(LocalCache.java:3533) ~[guava-31.1-jre.jar%23104!/:?]
	at com.google.common.cache.LocalCache$Segment.loadSync(LocalCache.java:2282) ~[guava-31.1-jre.jar%23104!/:?]
	at com.google.common.cache.LocalCache$Segment.lockedGetOrLoad(LocalCache.java:2159) ~[guava-31.1-jre.jar%23104!/:?]
	at com.google.common.cache.LocalCache$Segment.get(LocalCache.java:2049) ~[guava-31.1-jre.jar%23104!/:?]
	at com.google.common.cache.LocalCache.get(LocalCache.java:3966) ~[guava-31.1-jre.jar%23104!/:?]
	at com.google.common.cache.LocalCache.getOrLoad(LocalCache.java:3989) ~[guava-31.1-jre.jar%23104!/:?]
	at com.google.common.cache.LocalCache$LocalLoadingCache.get(LocalCache.java:4950) ~[guava-31.1-jre.jar%23104!/:?]
	at com.google.common.cache.LocalCache$LocalLoadingCache.getUnchecked(LocalCache.java:4956) ~[guava-31.1-jre.jar%23104!/:?]
	at com.mojang.authlib.yggdrasil.YggdrasilMinecraftSessionService.fillProfileProperties(YggdrasilMinecraftSessionService.java:160) ~[authlib-3.18.38.jar%23131!/:?]
	at net.minecraft.client.Minecraft.getProfileProperties(Minecraft.java:2441) ~[forge-1.19.4-45.3.0_mapped_official_1.19.4-recomp.jar%23189!/:?]
	at net.minecraft.client.resources.SkinManager.lambda$registerSkins$4(SkinManager.java:117) ~[forge-1.19.4-45.3.0_mapped_official_1.19.4-recomp.jar%23189!/:?]
	at java.util.concurrent.ForkJoinTask$RunnableExecuteAction.exec(ForkJoinTask.java:1395) ~[?:?]
	at java.util.concurrent.ForkJoinTask.doExec(ForkJoinTask.java:373) ~[?:?]
	at java.util.concurrent.ForkJoinPool$WorkQueue.topLevelExec(ForkJoinPool.java:1182) ~[?:?]
	at java.util.concurrent.ForkJoinPool.scan(ForkJoinPool.java:1655) ~[?:?]
	at java.util.concurrent.ForkJoinPool.runWorker(ForkJoinPool.java:1622) ~[?:?]
	at java.util.concurrent.ForkJoinWorkerThread.run(ForkJoinWorkerThread.java:165) ~[?:?]
Caused by: java.net.SocketTimeoutException: Read timed out
	at sun.nio.ch.NioSocketImpl.timedRead(NioSocketImpl.java:288) ~[?:?]
	at sun.nio.ch.NioSocketImpl.implRead(NioSocketImpl.java:314) ~[?:?]
	at sun.nio.ch.NioSocketImpl.read(NioSocketImpl.java:355) ~[?:?]
	at sun.nio.ch.NioSocketImpl$1.read(NioSocketImpl.java:808) ~[?:?]
	at java.net.Socket$SocketInputStream.read(Socket.java:966) ~[?:?]
	at sun.security.ssl.SSLSocketInputRecord.read(SSLSocketInputRecord.java:484) ~[?:?]
	at sun.security.ssl.SSLSocketInputRecord.readHeader(SSLSocketInputRecord.java:478) ~[?:?]
	at sun.security.ssl.SSLSocketInputRecord.decode(SSLSocketInputRecord.java:160) ~[?:?]
	at sun.security.ssl.SSLTransport.decode(SSLTransport.java:111) ~[?:?]
	at sun.security.ssl.SSLSocketImpl.decode(SSLSocketImpl.java:1510) ~[?:?]
	at sun.security.ssl.SSLSocketImpl.readHandshakeRecord(SSLSocketImpl.java:1425) ~[?:?]
	at sun.security.ssl.SSLSocketImpl.startHandshake(SSLSocketImpl.java:455) ~[?:?]
	at sun.security.ssl.SSLSocketImpl.startHandshake(SSLSocketImpl.java:426) ~[?:?]
	at sun.net.www.protocol.https.HttpsClient.afterConnect(HttpsClient.java:589) ~[?:?]
	at sun.net.www.protocol.https.AbstractDelegateHttpsURLConnection.connect(AbstractDelegateHttpsURLConnection.java:187) ~[?:?]
	at sun.net.www.protocol.http.HttpURLConnection.getInputStream0(HttpURLConnection.java:1701) ~[?:?]
	at sun.net.www.protocol.http.HttpURLConnection.getInputStream(HttpURLConnection.java:1625) ~[?:?]
	at sun.net.www.protocol.https.HttpsURLConnectionImpl.getInputStream(HttpsURLConnectionImpl.java:224) ~[?:?]
	at com.mojang.authlib.HttpAuthenticationService.performGetRequest(HttpAuthenticationService.java:140) ~[authlib-3.18.38.jar%23131!/:?]
	at com.mojang.authlib.yggdrasil.YggdrasilAuthenticationService.makeRequest(YggdrasilAuthenticationService.java:111) ~[authlib-3.18.38.jar%23131!/:?]
	... 21 more
[31Dec2024 09:04:24.524] [Render thread/INFO] [net.minecraft.client.Minecraft/]: Stopping!
